Arguments: 
  C:\Program Files\nodejs\node.exe C:\Users\jimmy\AppData\Roaming\npm\node_modules\yarn\bin\yarn.js add electron

PATH: 
  C:\Users\jimmy\WebstormProjects\musicapp\node_modules\.bin;C:\Python27\;C:\Python27\Scripts;C:\Windows\system32;C:\Windows;C:\Windows\System32\Wbem;C:\Windows\System32\WindowsPowerShell\v1.0\;C:\Windows\System32\OpenSSH\;C:\Program Files\Git\cmd;C:\Program Files\nodejs\;C:\ProgramData\chocolatey\bin;C:\Program Files\MATLAB\R2019a\runtime\win64;C:\Program Files\MATLAB\R2019a\bin;C:\Users\jimmy\AppData\Local\Microsoft\WindowsApps;;C:\Users\jimmy\AppData\Local\Programs\Microsoft VS Code Insiders\bin;C:\Users\jimmy\AppData\Roaming\npm

Yarn version: 
  1.17.3

Node version: 
  12.4.0

Platform: 
  win32 x64

Trace: 
  SyntaxError: C:\Users\jimmy\WebstormProjects\musicapp\package.json: Unexpected token } in JSON at position 88
      at JSON.parse (<anonymous>)
      at C:\Users\jimmy\AppData\Roaming\npm\node_modules\yarn\lib\cli.js:1625:59
      at Generator.next (<anonymous>)
      at step (C:\Users\jimmy\AppData\Roaming\npm\node_modules\yarn\lib\cli.js:304:30)
      at C:\Users\jimmy\AppData\Roaming\npm\node_modules\yarn\lib\cli.js:315:13

npm manifest: 
  {
    "name": "musicapp",
    "version": "1.0.0",
    "main": "main.js",
    "license": "MIT",
  
  }

yarn manifest: 
  No manifest

Lockfile: 
  No lockfile
